
Showing logs for build [32mcb-kubecd-environment-pr-120-49-kndng-1[0m stage [32mfrom-build-pack[0m and container [32mstep-credential-initializer-82khq[0m
{"level":"warn","ts":1577494264.36663,"logger":"fallback-logger","caller":"logging/config.go:69","msg":"Fetch GitHub commit ID from kodata failed: \"ref: refs/heads/master\" is not a valid GitHub commit ID"}
{"level":"info","ts":1577494264.3671389,"logger":"fallback-logger","caller":"creds-init/main.go:40","msg":"Credentials initialized."}

Showing logs for build [32mcb-kubecd-environment-pr-120-49-kndng-1[0m stage [32mfrom-build-pack[0m and container [32mstep-working-dir-initializer-kh7ql[0m
{"level":"warn","ts":1577494265.3637805,"logger":"fallback-logger","caller":"logging/config.go:69","msg":"Fetch GitHub commit ID from kodata failed: open /var/run/ko/HEAD: no such file or directory"}
{"level":"info","ts":1577494265.3657172,"logger":"fallback-logger","caller":"bash/main.go:65","msg":"Successfully executed command \"mkdir -p /workspace/source\""}

Showing logs for build [32mcb-kubecd-environment-pr-120-49-kndng-1[0m stage [32mfrom-build-pack[0m and container [32mstep-place-tools[0m

Showing logs for build [32mcb-kubecd-environment-pr-120-49-kndng-1[0m stage [32mfrom-build-pack[0m and container [32mstep-git-source-cb-kubecd-environment-pr-120-49-bqmvf[0m
{"level":"warn","ts":1577494269.440213,"logger":"fallback-logger","caller":"logging/config.go:69","msg":"Fetch GitHub commit ID from kodata failed: \"ref: refs/heads/master\" is not a valid GitHub commit ID"}
{"level":"info","ts":1577494270.528985,"logger":"fallback-logger","caller":"git/git.go:102","msg":"Successfully cloned https://github.com/cb-kubecd/environment-pr-120-49-boot-gke-production.git @ master in path /workspace/source"}

Showing logs for build [32mcb-kubecd-environment-pr-120-49-kndng-1[0m stage [32mfrom-build-pack[0m and container [32mstep-git-merge[0m
Using SHAs from PULL_REFS=master:526fc7173c1c157588b2d4c7584dc8b17506e20a,1:d351f1d9bb955efe86d5e963d8fd42444d9d0fad
DEBUG: ran git fetch --unshallow origin d351f1d9bb955efe86d5e963d8fd42444d9d0fad: 526fc7173c1c157588b2d4c7584dc8b17506e20a: in 
DEBUG: ran git checkout master in 
DEBUG: ran git reset --hard 526fc7173c1c157588b2d4c7584dc8b17506e20a in 
DEBUG: ran clean --force -d . in 
DEBUG: ran git merge d351f1d9bb955efe86d5e963d8fd42444d9d0fad in 
Merged SHA d351f1d9bb955efe86d5e963d8fd42444d9d0fad with commit message 'chore: Promote bdd-spring-1577493423 to version 0.0.1' into base branch master

Showing logs for build [32mcb-kubecd-environment-pr-120-49-kndng-1[0m stage [32mfrom-build-pack[0m and container [32mstep-build-helm-build[0m
WARNING: No $CHART_REPOSITORY defined so using the default value of: http://jenkins-x-chartmuseum:8080
Adding missing Helm repo: storage.googleapis.com https://storage.googleapis.com/chartmuseum.jenkins-x.io
WARNING: No secrets found on "helm/repos" due: reading the secret "helm/repos" from vault: no secret "helm/repos" not found in vault
Read credentials for https://storage.googleapis.com/chartmuseum.jenkins-x.io from vault helm/repos
Successfully added Helm repository storage.googleapis.com.
Adding missing Helm repo: jenkins-x-chartmuseum http://jenkins-x-chartmuseum:8080
WARNING: No secrets found on "helm/repos" due: reading the secret "helm/repos" from vault: no secret "helm/repos" not found in vault
Read credentials for http://jenkins-x-chartmuseum:8080 from vault helm/repos
Successfully added Helm repository jenkins-x-chartmuseum.
WARNING: No $CHART_REPOSITORY defined so using the default value of: http://jenkins-x-chartmuseum:8080
Adding missing Helm repo: chartmuseum.jenkins-x.io http://chartmuseum.jenkins-x.io
WARNING: No secrets found on "helm/repos" due: reading the secret "helm/repos" from vault: no secret "helm/repos" not found in vault
Read credentials for http://chartmuseum.jenkins-x.io from vault helm/repos
Successfully added Helm repository chartmuseum.jenkins-x.io.
